<?xml version="1.0" encoding="UTF-8"?>
<!-- Generated by org.testng.reporters.JUnitXMLReporter -->
<testsuite hostname="Saurabhs-MacBook-Pro.local" ignored="0" name="Test" tests="5" failures="1" timestamp="2019-12-03T16:43:01 EST" time="26.779" errors="0">
  <testcase name="loginTest" time="5.19" classname="com.testcases.TC001_LoginTest"/>
  <testcase name="PurchaseForeignCurrency" time="5.146" classname="com.testcases.TC005_PurchaseForeignCurrency"/>
  <testcase name="VerifyAddPayee" time="6.054" classname="com.testcases.TC003_VerifyAddPayee"/>
  <testcase name="PaySavedPayee" time="5.122" classname="com.testcases.TC002_PaySavedPayee"/>
  <testcase name="verifyTransferFunds" time="3.885" classname="com.testcases.TC004_VerifyTransferFunds">
    <failure type="org.openqa.selenium.NoSuchElementException" message="Cannot locate option with value: 13
For documentation on this error, please visit: https://www.seleniumhq.org/exceptions/no_such_element.html
Build info: version: &amp;apos;3.141.59&amp;apos;, revision: &amp;apos;e82be7d358&amp;apos;, time: &amp;apos;2018-11-14T08:17:03&amp;apos;
System info: host: &amp;apos;Saurabhs-MacBook-Pro.local&amp;apos;, ip: &amp;apos;192.168.2.12&amp;apos;, os.name: &amp;apos;Mac OS X&amp;apos;, os.arch: &amp;apos;x86_64&amp;apos;, os.version: &amp;apos;10.14.6&amp;apos;, java.version: &amp;apos;1.8.0_231&amp;apos;
Driver info: driver.version: unknown">
      <![CDATA[org.openqa.selenium.NoSuchElementException: Cannot locate option with value: 13
For documentation on this error, please visit: https://www.seleniumhq.org/exceptions/no_such_element.html
Build info: version: '3.141.59', revision: 'e82be7d358', time: '2018-11-14T08:17:03'
System info: host: 'Saurabhs-MacBook-Pro.local', ip: '192.168.2.12', os.name: 'Mac OS X', os.arch: 'x86_64', os.version: '10.14.6', java.version: '1.8.0_231'
Driver info: driver.version: unknown
at org.openqa.selenium.support.ui.Select.findOptionsByValue(Select.java:283)
at org.openqa.selenium.support.ui.Select.selectByValue(Select.java:186)
at com.testcases.TC004_VerifyTransferFunds.verifyTransferFunds(TC004_VerifyTransferFunds.java:40)
at java.util.ArrayList.forEach(ArrayList.java:1257)
... Removed 27 stack frames]]>
    </failure>
  </testcase> <!-- verifyTransferFunds -->
</testsuite> <!-- Test -->
